<?xml version="1.0" encoding="UTF-8"?>
<testng-results skipped="0" failed="0" ignored="0" total="2" passed="2">
  <reporter-output>
  </reporter-output>
  <suite name="Default suite" duration-ms="94" started-at="2024-09-21T08:37:32Z" finished-at="2024-09-21T08:37:32Z">
    <groups>
    </groups>
    <test name="Default test" duration-ms="94" started-at="2024-09-21T08:37:32Z" finished-at="2024-09-21T08:37:32Z">
      <class name="learnAnnotations.TesNgFlow">
        <test-method status="PASS" signature="beforeSuite()[pri:0, instance:learnAnnotations.TesNgFlow@6a4f787b]" name="beforeSuite" is-config="true" duration-ms="51" started-at="2024-09-21T08:37:32Z" finished-at="2024-09-21T08:37:32Z">
          <reporter-output>
          </reporter-output>
        </test-method> <!-- beforeSuite -->
        <test-method status="PASS" signature="beforeTest()[pri:0, instance:learnAnnotations.TesNgFlow@6a4f787b]" name="beforeTest" is-config="true" duration-ms="1" started-at="2024-09-21T08:37:32Z" finished-at="2024-09-21T08:37:32Z">
          <reporter-output>
          </reporter-output>
        </test-method> <!-- beforeTest -->
        <test-method status="PASS" signature="beforeClass()[pri:0, instance:learnAnnotations.TesNgFlow@6a4f787b]" name="beforeClass" is-config="true" duration-ms="0" started-at="2024-09-21T08:37:32Z" finished-at="2024-09-21T08:37:32Z">
          <reporter-output>
          </reporter-output>
        </test-method> <!-- beforeClass -->
        <test-method status="PASS" signature="beforeMethod()[pri:0, instance:learnAnnotations.TesNgFlow@6a4f787b]" name="beforeMethod" is-config="true" duration-ms="1" started-at="2024-09-21T08:37:32Z" finished-at="2024-09-21T08:37:32Z">
          <reporter-output>
          </reporter-output>
        </test-method> <!-- beforeMethod -->
        <test-method status="PASS" signature="myTest()[pri:0, instance:learnAnnotations.TesNgFlow@6a4f787b]" name="myTest" duration-ms="16" started-at="2024-09-21T08:37:32Z" finished-at="2024-09-21T08:37:32Z">
          <reporter-output>
          </reporter-output>
        </test-method> <!-- myTest -->
        <test-method status="PASS" signature="afterMethod()[pri:0, instance:learnAnnotations.TesNgFlow@6a4f787b]" name="afterMethod" is-config="true" duration-ms="1" started-at="2024-09-21T08:37:32Z" finished-at="2024-09-21T08:37:32Z">
          <reporter-output>
          </reporter-output>
        </test-method> <!-- afterMethod -->
        <test-method status="PASS" signature="beforeMethod()[pri:0, instance:learnAnnotations.TesNgFlow@6a4f787b]" name="beforeMethod" is-config="true" duration-ms="2" started-at="2024-09-21T08:37:32Z" finished-at="2024-09-21T08:37:32Z">
          <reporter-output>
          </reporter-output>
        </test-method> <!-- beforeMethod -->
        <test-method status="PASS" signature="myTest1()[pri:0, instance:learnAnnotations.TesNgFlow@6a4f787b]" name="myTest1" duration-ms="5" started-at="2024-09-21T08:37:32Z" finished-at="2024-09-21T08:37:32Z">
          <reporter-output>
          </reporter-output>
        </test-method> <!-- myTest1 -->
        <test-method status="PASS" signature="afterMethod()[pri:0, instance:learnAnnotations.TesNgFlow@6a4f787b]" name="afterMethod" is-config="true" duration-ms="8" started-at="2024-09-21T08:37:32Z" finished-at="2024-09-21T08:37:32Z">
          <reporter-output>
          </reporter-output>
        </test-method> <!-- afterMethod -->
        <test-method status="PASS" signature="afterClass()[pri:0, instance:learnAnnotations.TesNgFlow@6a4f787b]" name="afterClass" is-config="true" duration-ms="0" started-at="2024-09-21T08:37:32Z" finished-at="2024-09-21T08:37:32Z">
          <reporter-output>
          </reporter-output>
        </test-method> <!-- afterClass -->
        <test-method status="PASS" signature="afterTest()[pri:0, instance:learnAnnotations.TesNgFlow@6a4f787b]" name="afterTest" is-config="true" duration-ms="2" started-at="2024-09-21T08:37:32Z" finished-at="2024-09-21T08:37:32Z">
          <reporter-output>
          </reporter-output>
        </test-method> <!-- afterTest -->
        <test-method status="PASS" signature="afterSuite()[pri:0, instance:learnAnnotations.TesNgFlow@6a4f787b]" name="afterSuite" is-config="true" duration-ms="1" started-at="2024-09-21T08:37:32Z" finished-at="2024-09-21T08:37:32Z">
          <reporter-output>
          </reporter-output>
        </test-method> <!-- afterSuite -->
      </class> <!-- learnAnnotations.TesNgFlow -->
    </test> <!-- Default test -->
  </suite> <!-- Default suite -->
</testng-results>
